[09:20:38] [ServerMain/INFO]: Environment: Environment[sessionHost=https://sessionserver.mojang.com, servicesHost=https://api.minecraftservices.com, name=PROD]
[09:20:44] [ServerMain/INFO]: Loaded 1407 recipes
[09:20:44] [ServerMain/INFO]: Loaded 1520 advancements
[09:20:44] [Server thread/INFO]: Starting minecraft server version 1.21.8
[09:20:44] [Server thread/INFO]: Loading properties
[09:20:44] [Server thread/INFO]: Default game type: SURVIVAL
[09:20:44] [Server thread/INFO]: Generating keypair
[09:20:45] [Server thread/INFO]: Starting Minecraft server on *:25565
[09:20:45] [Server thread/INFO]: Using epoll channel type
[09:20:45] [Server thread/INFO]: Preparing level "world"
[09:20:58] [Server thread/INFO]: Preparing start region for dimension minecraft:overworld
[09:20:58] [Worker-Main-1/INFO]: Preparing spawn area: 2%
[09:20:59] [Worker-Main-1/INFO]: Preparing spawn area: 2%
[09:20:59] [Worker-Main-1/INFO]: Preparing spawn area: 2%
[09:21:00] [Worker-Main-1/INFO]: Preparing spawn area: 2%
[09:21:00] [Worker-Main-1/INFO]: Preparing spawn area: 2%
[09:21:01] [Worker-Main-1/INFO]: Preparing spawn area: 2%
[09:21:01] [Worker-Main-1/INFO]: Preparing spawn area: 2%
[09:21:02] [Worker-Main-1/INFO]: Preparing spawn area: 2%
[09:21:02] [Worker-Main-1/INFO]: Preparing spawn area: 2%
[09:21:03] [Worker-Main-1/INFO]: Preparing spawn area: 2%
[09:21:03] [Worker-Main-1/INFO]: Preparing spawn area: 2%
[09:21:04] [Worker-Main-1/INFO]: Preparing spawn area: 2%
[09:21:04] [Worker-Main-1/INFO]: Preparing spawn area: 2%
[09:21:05] [Worker-Main-1/INFO]: Preparing spawn area: 2%
[09:21:05] [Worker-Main-1/INFO]: Preparing spawn area: 2%
[09:21:06] [Worker-Main-1/INFO]: Preparing spawn area: 2%
[09:21:06] [Worker-Main-1/INFO]: Preparing spawn area: 2%
[09:21:07] [Worker-Main-1/INFO]: Preparing spawn area: 2%
[09:21:07] [Worker-Main-1/INFO]: Preparing spawn area: 2%
[09:21:08] [Worker-Main-1/INFO]: Preparing spawn area: 30%
[09:21:08] [Server thread/INFO]: Time elapsed: 9870 ms
[09:21:08] [Server thread/INFO]: Done (23.183s)! For help, type "help"
[09:21:08] [Server thread/INFO]: Starting remote control listener
[09:21:08] [Server thread/INFO]: Thread RCON Listener started
[09:21:08] [Server thread/INFO]: RCON running on 0.0.0.0:25575
[09:22:08] [Server thread/INFO]: Server empty for 60 seconds, pausing
[17:35:09] [RCON Listener #1/INFO]: Thread RCON Client /0:0:0:0:0:0:0:1 started
[17:35:09] [Server thread/INFO]: [Rcon: Stopping the server]
[17:35:09] [Server thread/INFO]: Stopping server
[17:35:09] [RCON Client /0:0:0:0:0:0:0:1 #2/INFO]: Thread RCON Client /0:0:0:0:0:0:0:1 shutting down
[17:35:09] [Server thread/INFO]: Saving players
[17:35:09] [Server thread/INFO]: Saving worlds
[17:35:13] [Server thread/INFO]: Saving chunks for level 'ServerLevel[world]'/minecraft:overworld
[17:35:15] [Server thread/INFO]: Saving chunks for level 'ServerLevel[world]'/minecraft:the_nether
[17:35:15] [Server thread/INFO]: Saving chunks for level 'ServerLevel[world]'/minecraft:the_end
[17:35:15] [Server thread/INFO]: ThreadedAnvilChunkStorage (world): All chunks are saved
[17:35:15] [Server thread/INFO]: ThreadedAnvilChunkStorage (DIM-1): All chunks are saved
[17:35:15] [Server thread/INFO]: ThreadedAnvilChunkStorage (DIM1): All chunks are saved
[17:35:15] [Server thread/INFO]: ThreadedAnvilChunkStorage: All dimensions are saved
[17:35:17] [RCON Listener #1/INFO]: Thread RCON Client /0:0:0:0:0:0:0:1 started
[17:35:17] [RCON Client /0:0:0:0:0:0:0:1 #3/INFO]: [Rcon: Stopping the server]
[17:35:17] [RCON Client /0:0:0:0:0:0:0:1 #3/INFO]: Thread RCON Client /0:0:0:0:0:0:0:1 shutting down
[17:35:17] [Server thread/INFO]: Thread RCON Listener stopped
