[20:07:37] [ServerMain/INFO]: Environment: Environment[sessionHost=https://sessionserver.mojang.com, servicesHost=https://api.minecraftservices.com, name=PROD]
[20:07:40] [ServerMain/INFO]: No existing world data, creating new world
[20:07:43] [ServerMain/INFO]: Loaded 1407 recipes
[20:07:43] [ServerMain/INFO]: Loaded 1520 advancements
[20:07:43] [Server thread/INFO]: Starting minecraft server version 1.21.8
[20:07:43] [Server thread/INFO]: Loading properties
[20:07:43] [Server thread/INFO]: Default game type: SURVIVAL
[20:07:43] [Server thread/INFO]: Generating keypair
[20:07:44] [Server thread/INFO]: Starting Minecraft server on *:25565
[20:07:44] [Server thread/INFO]: Using epoll channel type
[20:07:44] [Server thread/INFO]: Preparing level "world"
[20:08:00] [Server thread/INFO]: Preparing start region for dimension minecraft:overworld
[20:08:01] [Worker-Main-2/INFO]: Preparing spawn area: 2%
[20:08:01] [Worker-Main-2/INFO]: Preparing spawn area: 2%
[20:08:02] [Worker-Main-2/INFO]: Preparing spawn area: 2%
[20:08:02] [Worker-Main-2/INFO]: Preparing spawn area: 2%
[20:08:02] [Worker-Main-2/INFO]: Preparing spawn area: 2%
[20:08:03] [Worker-Main-2/INFO]: Preparing spawn area: 2%
[20:08:04] [Worker-Main-2/INFO]: Preparing spawn area: 2%
[20:08:04] [Worker-Main-2/INFO]: Preparing spawn area: 2%
[20:08:04] [Worker-Main-2/INFO]: Preparing spawn area: 2%
[20:08:05] [Worker-Main-2/INFO]: Preparing spawn area: 2%
[20:08:05] [Worker-Main-2/INFO]: Preparing spawn area: 2%
[20:08:06] [Worker-Main-2/INFO]: Preparing spawn area: 2%
[20:08:06] [Worker-Main-2/INFO]: Preparing spawn area: 2%
[20:08:07] [Worker-Main-2/INFO]: Preparing spawn area: 2%
[20:08:07] [Worker-Main-2/INFO]: Preparing spawn area: 2%
[20:08:08] [Worker-Main-2/INFO]: Preparing spawn area: 2%
[20:08:08] [Worker-Main-2/INFO]: Preparing spawn area: 2%
[20:08:09] [Worker-Main-2/INFO]: Preparing spawn area: 12%
[20:08:09] [Server thread/INFO]: Time elapsed: 8714 ms
[20:08:09] [Server thread/INFO]: Done (24.949s)! For help, type "help"
[20:08:09] [Server thread/INFO]: Starting remote control listener
[20:08:09] [Server thread/INFO]: Thread RCON Listener started
[20:08:09] [Server thread/INFO]: RCON running on 0.0.0.0:25575
[20:09:09] [Server thread/INFO]: Server empty for 60 seconds, pausing
[20:18:46] [RCON Listener #1/INFO]: Thread RCON Client /0:0:0:0:0:0:0:1 started
[20:18:46] [Server thread/INFO]: [Rcon: Stopping the server]
[20:18:46] [Server thread/INFO]: Stopping server
[20:18:46] [RCON Client /0:0:0:0:0:0:0:1 #2/INFO]: Thread RCON Client /0:0:0:0:0:0:0:1 shutting down
[20:18:46] [Server thread/INFO]: Saving players
[20:18:46] [Server thread/INFO]: Saving worlds
[20:18:47] [Server thread/INFO]: Saving chunks for level 'ServerLevel[world]'/minecraft:overworld
[20:18:48] [Server thread/INFO]: Saving chunks for level 'ServerLevel[world]'/minecraft:the_end
[20:18:48] [Server thread/INFO]: Saving chunks for level 'ServerLevel[world]'/minecraft:the_nether
[20:18:48] [Server thread/INFO]: ThreadedAnvilChunkStorage (world): All chunks are saved
[20:18:48] [Server thread/INFO]: ThreadedAnvilChunkStorage (DIM1): All chunks are saved
[20:18:48] [Server thread/INFO]: ThreadedAnvilChunkStorage (DIM-1): All chunks are saved
[20:18:48] [Server thread/INFO]: ThreadedAnvilChunkStorage: All dimensions are saved
[20:18:48] [Server thread/INFO]: Thread RCON Listener stopped
